<?xml version="1.0" encoding="UTF-8"?>
<testsuite name="DomainCreateTest" tests="1" skipped="0" failures="0" errors="0" timestamp="2023-03-28T05:36:40" hostname="PARKBJ" time="0.07">
  <properties/>
  <testcase name="eventCreate()" classname="DomainCreateTest" time="0.07"/>
  <system-out><![CDATA[]]></system-out>
  <system-err><![CDATA[]]></system-err>
</testsuite>
